#-----------------------------------------------------------
# Vivado v2017.4 (64-bit)
# SW Build 2086221 on Fri Dec 15 20:55:39 MST 2017
# IP Build 2085800 on Fri Dec 15 22:25:07 MST 2017
# Start of session at: Fri Feb 15 12:52:54 2019
# Process ID: 6664
# Current directory: E:/Vivado/Assignment1
# Command line: vivado.exe -gui_launcher_event rodinguilauncherevent9528 E:\Vivado\Assignment1\Assignment1.xpr
# Log file: E:/Vivado/Assignment1/vivado.log
# Journal file: E:/Vivado/Assignment1\vivado.jou
#-----------------------------------------------------------
Sourcing tcl script 'C:/Users/dslog/AppData/Roaming/Xilinx/Vivado/Vivado_init.tcl'
start_gui
open_project E:/Vivado/Assignment1/Assignment1.xpr
Scanning sources...
Finished scanning sources
INFO: [IP_Flow 19-234] Refreshing IP repositories
INFO: [IP_Flow 19-1704] No user IP repositories specified
INFO: [IP_Flow 19-2313] Loaded Vivado IP repository 'E:/Xilinx/Vivado/2017.4/data/ip'.
open_project: Time (s): cpu = 00:00:29 ; elapsed = 00:00:22 . Memory (MB): peak = 718.023 ; gain = 89.949
update_compile_order -fileset sources_1
exit
INFO: [Common 17-206] Exiting Vivado at Fri Feb 15 12:59:01 2019...
