Copyright 1986-2017 Xilinx, Inc. All Rights Reserved.
-------------------------------------------------------------------------------------
| Tool Version : Vivado v.2017.4 (win64) Build 2086221 Fri Dec 15 20:55:39 MST 2017
| Date         : Mon Feb 18 09:21:26 2019
| Host         : DESKTOP-NL9J8SI running 64-bit major release  (build 9200)
| Command      : report_control_sets -verbose -file BoardMap_control_sets_placed.rpt
| Design       : BoardMap
| Device       : xc7a35t
-------------------------------------------------------------------------------------

Control Set Information

Table of Contents
-----------------
1. Summary
2. Flip-Flop Distribution
3. Detailed Control Set Information

1. Summary
----------

+----------------------------------------------------------+-------+
|                          Status                          | Count |
+----------------------------------------------------------+-------+
| Number of unique control sets                            |     5 |
| Unused register locations in slices containing registers |    14 |
+----------------------------------------------------------+-------+


2. Flip-Flop Distribution
-------------------------

+--------------+-----------------------+------------------------+-----------------+--------------+
| Clock Enable | Synchronous Set/Reset | Asynchronous Set/Reset | Total Registers | Total Slices |
+--------------+-----------------------+------------------------+-----------------+--------------+
| No           | No                    | No                     |              51 |           21 |
| No           | No                    | Yes                    |               0 |            0 |
| No           | Yes                   | No                     |               0 |            0 |
| Yes          | No                    | No                     |              15 |            5 |
| Yes          | No                    | Yes                    |               0 |            0 |
| Yes          | Yes                   | No                     |               0 |            0 |
+--------------+-----------------------+------------------------+-----------------+--------------+


3. Detailed Control Set Information
-----------------------------------

+-----------------------+---------------+------------------+------------------+----------------+
|      Clock Signal     | Enable Signal | Set/Reset Signal | Slice Load Count | Bel Load Count |
+-----------------------+---------------+------------------+------------------+----------------+
|  CLK_IBUF_BUFG        | SW_IBUF[15]   |                  |                2 |              3 |
|  CLK_IBUF_BUFG        | B             |                  |                2 |              6 |
|  CLK_IBUF_BUFG        | A             |                  |                1 |              6 |
|  ALU/x_reg[5]_i_2_n_0 |               |                  |                5 |             13 |
|  CLK_IBUF_BUFG        |               |                  |               16 |             38 |
+-----------------------+---------------+------------------+------------------+----------------+


+--------+-----------------------+
| Fanout | Number of ControlSets |
+--------+-----------------------+
| 3      |                     1 |
| 6      |                     2 |
| 13     |                     1 |
| 16+    |                     1 |
+--------+-----------------------+


